# JRE version: OpenJDK Runtime Environment (8.0_242-b01) (build 1.8.0_242-release-1644-b01)
# Java VM: OpenJDK 64-Bit Server VM (25.242-b01 mixed mode windows-amd64 compressed oops)
Heap:
 PSYoungGen      total 103424K, used 94306K [0x00000000d5e00000, 0x00000000ddd00000, 0x0000000100000000)
  eden space 87552K, 89% used [0x00000000d5e00000,0x00000000daa9eee0,0x00000000db380000)
  from space 15872K, 99% used [0x00000000dc700000,0x00000000dd679a48,0x00000000dd680000)
  to   space 19968K, 0% used [0x00000000db380000,0x00000000db380000,0x00000000dc700000)
 ParOldGen       total 121856K, used 31539K [0x0000000081a00000, 0x0000000089100000, 0x00000000d5e00000)
  object space 121856K, 25% used [0x0000000081a00000,0x00000000838ccc68,0x0000000089100000)
 Metaspace       used 48788K, capacity 49676K, committed 50096K, reserved 1093632K
  class space    used 5788K, capacity 6005K, committed 6064K, reserved 1048576K
GC Heap History (10 events):
Event: 4.005 GC heap before
{Heap before GC invocations=6 (full 1):
 PSYoungGen      total 52224K, used 52195K [0x00000000d5e00000, 0x00000000da900000, 0x0000000100000000)
  eden space 47104K, 100% used [0x00000000d5e00000,0x00000000d8c00000,0x00000000d8c00000)
  from space 5120K, 99% used [0x00000000da400000,0x00000000da8f8c70,0x00000000da900000)
  to   space 5120K, 0% used [0x00000000d9f00000,0x00000000d9f00000,0x00000000da400000)
 ParOldGen       total 68096K, used 11311K [0x0000000081a00000, 0x0000000085c80000, 0x00000000d5e00000)
  object space 68096K, 16% used [0x0000000081a00000,0x000000008250bf80,0x0000000085c80000)
 Metaspace       used 32031K, capacity 32516K, committed 32944K, reserved 1077248K
  class space    used 4015K, capacity 4157K, committed 4272K, reserved 1048576K
Event: 4.020 GC heap after
Heap after GC invocations=6 (full 1):
 PSYoungGen      total 71168K, used 5091K [0x00000000d5e00000, 0x00000000dbe80000, 0x0000000100000000)
  eden space 66048K, 0% used [0x00000000d5e00000,0x00000000d5e00000,0x00000000d9e80000)
  from space 5120K, 99% used [0x00000000d9f00000,0x00000000da3f8c70,0x00000000da400000)
  to   space 16384K, 0% used [0x00000000dae80000,0x00000000dae80000,0x00000000dbe80000)
 ParOldGen       total 68096K, used 23447K [0x0000000081a00000, 0x0000000085c80000, 0x00000000d5e00000)
  object space 68096K, 34% used [0x0000000081a00000,0x00000000830e5d88,0x0000000085c80000)
 Metaspace       used 32031K, capacity 32516K, committed 32944K, reserved 1077248K
  class space    used 4015K, capacity 4157K, committed 4272K, reserved 1048576K
}
Event: 4.350 GC heap before
{Heap before GC invocations=7 (full 1):
 PSYoungGen      total 71168K, used 19380K [0x00000000d5e00000, 0x00000000dbe80000, 0x0000000100000000)
  eden space 66048K, 21% used [0x00000000d5e00000,0x00000000d6bf4418,0x00000000d9e80000)
  from space 5120K, 99% used [0x00000000d9f00000,0x00000000da3f8c70,0x00000000da400000)
  to   space 16384K, 0% used [0x00000000dae80000,0x00000000dae80000,0x00000000dbe80000)
 ParOldGen       total 68096K, used 23447K [0x0000000081a00000, 0x0000000085c80000, 0x00000000d5e00000)
  object space 68096K, 34% used [0x0000000081a00000,0x00000000830e5d88,0x0000000085c80000)
 Metaspace       used 34542K, capacity 35092K, committed 35496K, reserved 1081344K
  class space    used 4382K, capacity 4545K, committed 4656K, reserved 1048576K
Event: 4.368 GC heap after
Heap after GC invocations=7 (full 1):
 PSYoungGen      total 82944K, used 8658K [0x00000000d5e00000, 0x00000000dde00000, 0x0000000100000000)
  eden space 66560K, 0% used [0x00000000d5e00000,0x00000000d5e00000,0x00000000d9f00000)
  from space 16384K, 52% used [0x00000000dae80000,0x00000000db6f4858,0x00000000dbe80000)
  to   space 15872K, 0% used [0x00000000d9f00000,0x00000000d9f00000,0x00000000dae80000)
 ParOldGen       total 68096K, used 23455K [0x0000000081a00000, 0x0000000085c80000, 0x00000000d5e00000)
  object space 68096K, 34% used [0x0000000081a00000,0x00000000830e7d88,0x0000000085c80000)
 Metaspace       used 34542K, capacity 35092K, committed 35496K, reserved 1081344K
  class space    used 4382K, capacity 4545K, committed 4656K, reserved 1048576K
}
Event: 4.368 GC heap before
{Heap before GC invocations=8 (full 2):
 PSYoungGen      total 82944K, used 8658K [0x00000000d5e00000, 0x00000000dde00000, 0x0000000100000000)
  eden space 66560K, 0% used [0x00000000d5e00000,0x00000000d5e00000,0x00000000d9f00000)
  from space 16384K, 52% used [0x00000000dae80000,0x00000000db6f4858,0x00000000dbe80000)
  to   space 15872K, 0% used [0x00000000d9f00000,0x00000000d9f00000,0x00000000dae80000)
 ParOldGen       total 68096K, used 23455K [0x0000000081a00000, 0x0000000085c80000, 0x00000000d5e00000)
  object space 68096K, 34% used [0x0000000081a00000,0x00000000830e7d88,0x0000000085c80000)
 Metaspace       used 34542K, capacity 35092K, committed 35496K, reserved 1081344K
  class space    used 4382K, capacity 4545K, committed 4656K, reserved 1048576K
Event: 4.483 GC heap after
Heap after GC invocations=8 (full 2):
 PSYoungGen      total 82944K, used 0K [0x00000000d5e00000, 0x00000000dde00000, 0x0000000100000000)
  eden space 66560K, 0% used [0x00000000d5e00000,0x00000000d5e00000,0x00000000d9f00000)
  from space 16384K, 0% used [0x00000000dae80000,0x00000000dae80000,0x00000000dbe80000)
  to   space 15872K, 0% used [0x00000000d9f00000,0x00000000d9f00000,0x00000000dae80000)
 ParOldGen       total 121856K, used 25844K [0x0000000081a00000, 0x0000000089100000, 0x00000000d5e00000)
  object space 121856K, 21% used [0x0000000081a00000,0x000000008333d2e0,0x0000000089100000)
 Metaspace       used 34542K, capacity 35092K, committed 35496K, reserved 1081344K
  class space    used 4382K, capacity 4545K, committed 4656K, reserved 1048576K
}
Event: 5.874 GC heap before
{Heap before GC invocations=9 (full 2):
 PSYoungGen      total 82944K, used 66560K [0x00000000d5e00000, 0x00000000dde00000, 0x0000000100000000)
  eden space 66560K, 100% used [0x00000000d5e00000,0x00000000d9f00000,0x00000000d9f00000)
  from space 16384K, 0% used [0x00000000dae80000,0x00000000dae80000,0x00000000dbe80000)
  to   space 15872K, 0% used [0x00000000d9f00000,0x00000000d9f00000,0x00000000dae80000)
 ParOldGen       total 121856K, used 25844K [0x0000000081a00000, 0x0000000089100000, 0x00000000d5e00000)
  object space 121856K, 21% used [0x0000000081a00000,0x000000008333d2e0,0x0000000089100000)
 Metaspace       used 39991K, capacity 40748K, committed 41008K, reserved 1085440K
  class space    used 4990K, capacity 5167K, committed 5168K, reserved 1048576K
Event: 5.891 GC heap after
Heap after GC invocations=9 (full 2):
 PSYoungGen      total 82432K, used 11377K [0x00000000d5e00000, 0x00000000dd680000, 0x0000000100000000)
  eden space 66560K, 0% used [0x00000000d5e00000,0x00000000d5e00000,0x00000000d9f00000)
  from space 15872K, 71% used [0x00000000d9f00000,0x00000000daa1c7f8,0x00000000dae80000)
  to   space 15872K, 0% used [0x00000000dc700000,0x00000000dc700000,0x00000000dd680000)
 ParOldGen       total 121856K, used 25852K [0x0000000081a00000, 0x0000000089100000, 0x00000000d5e00000)
  object space 121856K, 21% used [0x0000000081a00000,0x000000008333f2e0,0x0000000089100000)
 Metaspace       used 39991K, capacity 40748K, committed 41008K, reserved 1085440K
  class space    used 4990K, capacity 5167K, committed 5168K, reserved 1048576K
}
Event: 8.130 GC heap before
{Heap before GC invocations=10 (full 2):
 PSYoungGen      total 82432K, used 77937K [0x00000000d5e00000, 0x00000000dd680000, 0x0000000100000000)
  eden space 66560K, 100% used [0x00000000d5e00000,0x00000000d9f00000,0x00000000d9f00000)
  from space 15872K, 71% used [0x00000000d9f00000,0x00000000daa1c7f8,0x00000000dae80000)
  to   space 15872K, 0% used [0x00000000dc700000,0x00000000dc700000,0x00000000dd680000)
 ParOldGen       total 121856K, used 25852K [0x0000000081a00000, 0x0000000089100000, 0x00000000d5e00000)
  object space 121856K, 21% used [0x0000000081a00000,0x000000008333f2e0,0x0000000089100000)
 Metaspace       used 44748K, capacity 45576K, committed 46128K, reserved 1089536K
  class space    used 5388K, capacity 5583K, committed 5680K, reserved 1048576K
Event: 8.163 GC heap after
Heap after GC invocations=10 (full 2):
 PSYoungGen      total 103424K, used 15846K [0x00000000d5e00000, 0x00000000ddd00000, 0x0000000100000000)
  eden space 87552K, 0% used [0x00000000d5e00000,0x00000000d5e00000,0x00000000db380000)
  from space 15872K, 99% used [0x00000000dc700000,0x00000000dd679a48,0x00000000dd680000)
  to   space 19968K, 0% used [0x00000000db380000,0x00000000db380000,0x00000000dc700000)
 ParOldGen       total 121856K, used 31539K [0x0000000081a00000, 0x0000000089100000, 0x00000000d5e00000)
  object space 121856K, 25% used [0x0000000081a00000,0x00000000838ccc68,0x0000000089100000)
 Metaspace       used 44748K, capacity 45576K, committed 46128K, reserved 1089536K
  class space    used 5388K, capacity 5583K, committed 5680K, reserved 1048576K
}

