# JRE version: OpenJDK Runtime Environment (8.0_242-b01) (build 1.8.0_242-release-1644-b01)
# Java VM: OpenJDK 64-Bit Server VM (25.242-b01 mixed mode windows-amd64 compressed oops)
Heap:
 PSYoungGen      total 64512K, used 49175K [0x00000000d5580000, 0x00000000da680000, 0x0000000100000000)
  eden space 55296K, 72% used [0x00000000d5580000,0x00000000d7c8cae0,0x00000000d8b80000)
  from space 9216K, 99% used [0x00000000d9680000,0x00000000d9f79410,0x00000000d9f80000)
  to   space 11264K, 0% used [0x00000000d8b80000,0x00000000d8b80000,0x00000000d9680000)
 ParOldGen       total 82432K, used 36074K [0x0000000080000000, 0x0000000085080000, 0x00000000d5580000)
  object space 82432K, 43% used [0x0000000080000000,0x000000008233ab18,0x0000000085080000)
 Metaspace       used 67598K, capacity 70456K, committed 70552K, reserved 1110016K
  class space    used 9245K, capacity 9840K, committed 9896K, reserved 1048576K
GC Heap History (10 events):
Event: 67.312 GC heap before
{Heap before GC invocations=25 (full 3):
 PSYoungGen      total 51200K, used 3021K [0x00000000d5580000, 0x00000000d9100000, 0x0000000100000000)
  eden space 43520K, 0% used [0x00000000d5580000,0x00000000d5580000,0x00000000d8000000)
  from space 7680K, 39% used [0x00000000d8980000,0x00000000d8c736e8,0x00000000d9100000)
  to   space 8704K, 0% used [0x00000000d8000000,0x00000000d8000000,0x00000000d8880000)
 ParOldGen       total 52736K, used 32799K [0x0000000080000000, 0x0000000083380000, 0x00000000d5580000)
  object space 52736K, 62% used [0x0000000080000000,0x0000000082007fe8,0x0000000083380000)
 Metaspace       used 56890K, capacity 59076K, committed 59160K, reserved 1099776K
  class space    used 7695K, capacity 8210K, committed 8232K, reserved 1048576K
Event: 67.804 GC heap after
Heap after GC invocations=25 (full 3):
 PSYoungGen      total 51200K, used 0K [0x00000000d5580000, 0x00000000d9100000, 0x0000000100000000)
  eden space 43520K, 0% used [0x00000000d5580000,0x00000000d5580000,0x00000000d8000000)
  from space 7680K, 0% used [0x00000000d8980000,0x00000000d8980000,0x00000000d9100000)
  to   space 8704K, 0% used [0x00000000d8000000,0x00000000d8000000,0x00000000d8880000)
 ParOldGen       total 82432K, used 33558K [0x0000000080000000, 0x0000000085080000, 0x00000000d5580000)
  object space 82432K, 40% used [0x0000000080000000,0x00000000820c5a30,0x0000000085080000)
 Metaspace       used 56882K, capacity 59046K, committed 59160K, reserved 1099776K
  class space    used 7692K, capacity 8205K, committed 8232K, reserved 1048576K
}
Event: 69.777 GC heap before
{Heap before GC invocations=26 (full 3):
 PSYoungGen      total 51200K, used 43520K [0x00000000d5580000, 0x00000000d9100000, 0x0000000100000000)
  eden space 43520K, 100% used [0x00000000d5580000,0x00000000d8000000,0x00000000d8000000)
  from space 7680K, 0% used [0x00000000d8980000,0x00000000d8980000,0x00000000d9100000)
  to   space 8704K, 0% used [0x00000000d8000000,0x00000000d8000000,0x00000000d8880000)
 ParOldGen       total 82432K, used 33558K [0x0000000080000000, 0x0000000085080000, 0x00000000d5580000)
  object space 82432K, 40% used [0x0000000080000000,0x00000000820c5a30,0x0000000085080000)
 Metaspace       used 59305K, capacity 61486K, committed 61592K, reserved 1101824K
  class space    used 8086K, capacity 8552K, committed 8616K, reserved 1048576K
Event: 69.788 GC heap after
Heap after GC invocations=26 (full 3):
 PSYoungGen      total 52224K, used 3798K [0x00000000d5580000, 0x00000000d9680000, 0x0000000100000000)
  eden space 43520K, 0% used [0x00000000d5580000,0x00000000d5580000,0x00000000d8000000)
  from space 8704K, 43% used [0x00000000d8000000,0x00000000d83b5850,0x00000000d8880000)
  to   space 8192K, 0% used [0x00000000d8e80000,0x00000000d8e80000,0x00000000d9680000)
 ParOldGen       total 82432K, used 33566K [0x0000000080000000, 0x0000000085080000, 0x00000000d5580000)
  object space 82432K, 40% used [0x0000000080000000,0x00000000820c7a30,0x0000000085080000)
 Metaspace       used 59305K, capacity 61486K, committed 61592K, reserved 1101824K
  class space    used 8086K, capacity 8552K, committed 8616K, reserved 1048576K
}
Event: 71.663 GC heap before
{Heap before GC invocations=27 (full 3):
 PSYoungGen      total 52224K, used 47318K [0x00000000d5580000, 0x00000000d9680000, 0x0000000100000000)
  eden space 43520K, 100% used [0x00000000d5580000,0x00000000d8000000,0x00000000d8000000)
  from space 8704K, 43% used [0x00000000d8000000,0x00000000d83b5850,0x00000000d8880000)
  to   space 8192K, 0% used [0x00000000d8e80000,0x00000000d8e80000,0x00000000d9680000)
 ParOldGen       total 82432K, used 33566K [0x0000000080000000, 0x0000000085080000, 0x00000000d5580000)
  object space 82432K, 40% used [0x0000000080000000,0x00000000820c7a30,0x0000000085080000)
 Metaspace       used 61173K, capacity 63546K, committed 63896K, reserved 1103872K
  class space    used 8307K, capacity 8798K, committed 8872K, reserved 1048576K
Event: 71.698 GC heap after
Heap after GC invocations=27 (full 3):
 PSYoungGen      total 58368K, used 5040K [0x00000000d5580000, 0x00000000d9800000, 0x0000000100000000)
  eden space 50176K, 0% used [0x00000000d5580000,0x00000000d5580000,0x00000000d8680000)
  from space 8192K, 61% used [0x00000000d8e80000,0x00000000d936c2e8,0x00000000d9680000)
  to   space 8192K, 0% used [0x00000000d8680000,0x00000000d8680000,0x00000000d8e80000)
 ParOldGen       total 82432K, used 33574K [0x0000000080000000, 0x0000000085080000, 0x00000000d5580000)
  object space 82432K, 40% used [0x0000000080000000,0x00000000820c9a30,0x0000000085080000)
 Metaspace       used 61173K, capacity 63546K, committed 63896K, reserved 1103872K
  class space    used 8307K, capacity 8798K, committed 8872K, reserved 1048576K
}
Event: 74.653 GC heap before
{Heap before GC invocations=28 (full 3):
 PSYoungGen      total 58368K, used 55216K [0x00000000d5580000, 0x00000000d9800000, 0x0000000100000000)
  eden space 50176K, 100% used [0x00000000d5580000,0x00000000d8680000,0x00000000d8680000)
  from space 8192K, 61% used [0x00000000d8e80000,0x00000000d936c2e8,0x00000000d9680000)
  to   space 8192K, 0% used [0x00000000d8680000,0x00000000d8680000,0x00000000d8e80000)
 ParOldGen       total 82432K, used 33574K [0x0000000080000000, 0x0000000085080000, 0x00000000d5580000)
  object space 82432K, 40% used [0x0000000080000000,0x00000000820c9a30,0x0000000085080000)
 Metaspace       used 63746K, capacity 66274K, committed 66456K, reserved 1105920K
  class space    used 8732K, capacity 9262K, committed 9384K, reserved 1048576K
Event: 74.684 GC heap after
Heap after GC invocations=28 (full 3):
 PSYoungGen      total 58368K, used 7803K [0x00000000d5580000, 0x00000000d9f80000, 0x0000000100000000)
  eden space 50176K, 0% used [0x00000000d5580000,0x00000000d5580000,0x00000000d8680000)
  from space 8192K, 95% used [0x00000000d8680000,0x00000000d8e1ec40,0x00000000d8e80000)
  to   space 9216K, 0% used [0x00000000d9680000,0x00000000d9680000,0x00000000d9f80000)
 ParOldGen       total 82432K, used 33582K [0x0000000080000000, 0x0000000085080000, 0x00000000d5580000)
  object space 82432K, 40% used [0x0000000080000000,0x00000000820cba30,0x0000000085080000)
 Metaspace       used 63746K, capacity 66274K, committed 66456K, reserved 1105920K
  class space    used 8732K, capacity 9262K, committed 9384K, reserved 1048576K
}
Event: 79.118 GC heap before
{Heap before GC invocations=29 (full 3):
 PSYoungGen      total 58368K, used 57979K [0x00000000d5580000, 0x00000000d9f80000, 0x0000000100000000)
  eden space 50176K, 100% used [0x00000000d5580000,0x00000000d8680000,0x00000000d8680000)
  from space 8192K, 95% used [0x00000000d8680000,0x00000000d8e1ec40,0x00000000d8e80000)
  to   space 9216K, 0% used [0x00000000d9680000,0x00000000d9680000,0x00000000d9f80000)
 ParOldGen       total 82432K, used 33582K [0x0000000080000000, 0x0000000085080000, 0x00000000d5580000)
  object space 82432K, 40% used [0x0000000080000000,0x00000000820cba30,0x0000000085080000)
 Metaspace       used 66101K, capacity 68684K, committed 68760K, reserved 1107968K
  class space    used 9048K, capacity 9582K, committed 9640K, reserved 1048576K
Event: 79.344 GC heap after
Heap after GC invocations=29 (full 3):
 PSYoungGen      total 64512K, used 9189K [0x00000000d5580000, 0x00000000da680000, 0x0000000100000000)
  eden space 55296K, 0% used [0x00000000d5580000,0x00000000d5580000,0x00000000d8b80000)
  from space 9216K, 99% used [0x00000000d9680000,0x00000000d9f79410,0x00000000d9f80000)
  to   space 11264K, 0% used [0x00000000d8b80000,0x00000000d8b80000,0x00000000d9680000)
 ParOldGen       total 82432K, used 36074K [0x0000000080000000, 0x0000000085080000, 0x00000000d5580000)
  object space 82432K, 43% used [0x0000000080000000,0x000000008233ab18,0x0000000085080000)
 Metaspace       used 66101K, capacity 68684K, committed 68760K, reserved 1107968K
  class space    used 9048K, capacity 9582K, committed 9640K, reserved 1048576K
}

