# JRE version: OpenJDK Runtime Environment (8.0_242-b01) (build 1.8.0_242-release-1644-b01)
# Java VM: OpenJDK 64-Bit Server VM (25.242-b01 mixed mode windows-amd64 compressed oops)
Heap:
 PSYoungGen      total 72704K, used 1489K [0x00000000d5e00000, 0x00000000db580000, 0x0000000100000000)
  eden space 55808K, 0% used [0x00000000d5e00000,0x00000000d5e00000,0x00000000d9480000)
  from space 16896K, 8% used [0x00000000d9480000,0x00000000d95f45b0,0x00000000da500000)
  to   space 14848K, 0% used [0x00000000da700000,0x00000000da700000,0x00000000db580000)
 ParOldGen       total 111616K, used 16248K [0x0000000081a00000, 0x0000000088700000, 0x00000000d5e00000)
  object space 111616K, 14% used [0x0000000081a00000,0x00000000829de208,0x0000000088700000)
 Metaspace       used 35827K, capacity 36372K, committed 36736K, reserved 1091584K
  class space    used 4517K, capacity 4687K, committed 4736K, reserved 1048576K
GC Heap History (10 events):
Event: 4.568 GC heap before
{Heap before GC invocations=9 (full 3):
 PSYoungGen      total 64000K, used 7667K [0x00000000d5e00000, 0x00000000db680000, 0x0000000100000000)
  eden space 48128K, 0% used [0x00000000d5e00000,0x00000000d5e00000,0x00000000d8d00000)
  from space 15872K, 48% used [0x00000000da700000,0x00000000dae7cf30,0x00000000db680000)
  to   space 5120K, 0% used [0x00000000d8d00000,0x00000000d8d00000,0x00000000d9200000)
 ParOldGen       total 111616K, used 24230K [0x0000000081a00000, 0x0000000088700000, 0x00000000d5e00000)
  object space 111616K, 21% used [0x0000000081a00000,0x00000000831a99b8,0x0000000088700000)
 Metaspace       used 33233K, capacity 33828K, committed 34048K, reserved 1083392K
  class space    used 4150K, capacity 4317K, committed 4352K, reserved 1048576K
Event: 4.696 GC heap after
Heap after GC invocations=9 (full 3):
 PSYoungGen      total 64000K, used 0K [0x00000000d5e00000, 0x00000000db680000, 0x0000000100000000)
  eden space 48128K, 0% used [0x00000000d5e00000,0x00000000d5e00000,0x00000000d8d00000)
  from space 15872K, 0% used [0x00000000da700000,0x00000000da700000,0x00000000db680000)
  to   space 5120K, 0% used [0x00000000d8d00000,0x00000000d8d00000,0x00000000d9200000)
 ParOldGen       total 111616K, used 16809K [0x0000000081a00000, 0x0000000088700000, 0x00000000d5e00000)
  object space 111616K, 15% used [0x0000000081a00000,0x0000000082a6a708,0x0000000088700000)
 Metaspace       used 33233K, capacity 33828K, committed 34048K, reserved 1081344K
  class space    used 4150K, capacity 4317K, committed 4352K, reserved 1048576K
}
Event: 4.814 GC heap before
{Heap before GC invocations=10 (full 3):
 PSYoungGen      total 64000K, used 4814K [0x00000000d5e00000, 0x00000000db680000, 0x0000000100000000)
  eden space 48128K, 10% used [0x00000000d5e00000,0x00000000d62b3818,0x00000000d8d00000)
  from space 15872K, 0% used [0x00000000da700000,0x00000000da700000,0x00000000db680000)
  to   space 5120K, 0% used [0x00000000d8d00000,0x00000000d8d00000,0x00000000d9200000)
 ParOldGen       total 111616K, used 16809K [0x0000000081a00000, 0x0000000088700000, 0x00000000d5e00000)
  object space 111616K, 15% used [0x0000000081a00000,0x0000000082a6a708,0x0000000088700000)
 Metaspace       used 34170K, capacity 34670K, committed 34944K, reserved 1087488K
  class space    used 4306K, capacity 4448K, committed 4480K, reserved 1048576K
Event: 4.817 GC heap after
Heap after GC invocations=10 (full 3):
 PSYoungGen      total 53248K, used 1128K [0x00000000d5e00000, 0x00000000db680000, 0x0000000100000000)
  eden space 48128K, 0% used [0x00000000d5e00000,0x00000000d5e00000,0x00000000d8d00000)
  from space 5120K, 22% used [0x00000000d8d00000,0x00000000d8e1a0f8,0x00000000d9200000)
  to   space 15872K, 0% used [0x00000000da700000,0x00000000da700000,0x00000000db680000)
 ParOldGen       total 111616K, used 16809K [0x0000000081a00000, 0x0000000088700000, 0x00000000d5e00000)
  object space 111616K, 15% used [0x0000000081a00000,0x0000000082a6a708,0x0000000088700000)
 Metaspace       used 34170K, capacity 34670K, committed 34944K, reserved 1087488K
  class space    used 4306K, capacity 4448K, committed 4480K, reserved 1048576K
}
Event: 4.817 GC heap before
{Heap before GC invocations=11 (full 4):
 PSYoungGen      total 53248K, used 1128K [0x00000000d5e00000, 0x00000000db680000, 0x0000000100000000)
  eden space 48128K, 0% used [0x00000000d5e00000,0x00000000d5e00000,0x00000000d8d00000)
  from space 5120K, 22% used [0x00000000d8d00000,0x00000000d8e1a0f8,0x00000000d9200000)
  to   space 15872K, 0% used [0x00000000da700000,0x00000000da700000,0x00000000db680000)
 ParOldGen       total 111616K, used 16809K [0x0000000081a00000, 0x0000000088700000, 0x00000000d5e00000)
  object space 111616K, 15% used [0x0000000081a00000,0x0000000082a6a708,0x0000000088700000)
 Metaspace       used 34170K, capacity 34670K, committed 34944K, reserved 1087488K
  class space    used 4306K, capacity 4448K, committed 4480K, reserved 1048576K
Event: 4.870 GC heap after
Heap after GC invocations=11 (full 4):
 PSYoungGen      total 53248K, used 0K [0x00000000d5e00000, 0x00000000db680000, 0x0000000100000000)
  eden space 48128K, 0% used [0x00000000d5e00000,0x00000000d5e00000,0x00000000d8d00000)
  from space 5120K, 0% used [0x00000000d8d00000,0x00000000d8d00000,0x00000000d9200000)
  to   space 15872K, 0% used [0x00000000da700000,0x00000000da700000,0x00000000db680000)
 ParOldGen       total 111616K, used 16191K [0x0000000081a00000, 0x0000000088700000, 0x00000000d5e00000)
  object space 111616K, 14% used [0x0000000081a00000,0x00000000829cfe60,0x0000000088700000)
 Metaspace       used 34170K, capacity 34670K, committed 34944K, reserved 1085440K
  class space    used 4306K, capacity 4448K, committed 4480K, reserved 1048576K
}
Event: 4.973 GC heap before
{Heap before GC invocations=12 (full 4):
 PSYoungGen      total 53248K, used 3823K [0x00000000d5e00000, 0x00000000db680000, 0x0000000100000000)
  eden space 48128K, 7% used [0x00000000d5e00000,0x00000000d61bbda0,0x00000000d8d00000)
  from space 5120K, 0% used [0x00000000d8d00000,0x00000000d8d00000,0x00000000d9200000)
  to   space 15872K, 0% used [0x00000000da700000,0x00000000da700000,0x00000000db680000)
 ParOldGen       total 111616K, used 16191K [0x0000000081a00000, 0x0000000088700000, 0x00000000d5e00000)
  object space 111616K, 14% used [0x0000000081a00000,0x00000000829cfe60,0x0000000088700000)
 Metaspace       used 35009K, capacity 35528K, committed 35840K, reserved 1087488K
  class space    used 4441K, capacity 4583K, committed 4608K, reserved 1048576K
Event: 4.975 GC heap after
Heap after GC invocations=12 (full 4):
 PSYoungGen      total 70656K, used 974K [0x00000000d5e00000, 0x00000000db580000, 0x0000000100000000)
  eden space 55808K, 0% used [0x00000000d5e00000,0x00000000d5e00000,0x00000000d9480000)
  from space 14848K, 6% used [0x00000000da700000,0x00000000da7f3bb0,0x00000000db580000)
  to   space 16896K, 0% used [0x00000000d9480000,0x00000000d9480000,0x00000000da500000)
 ParOldGen       total 111616K, used 16191K [0x0000000081a00000, 0x0000000088700000, 0x00000000d5e00000)
  object space 111616K, 14% used [0x0000000081a00000,0x00000000829cfe60,0x0000000088700000)
 Metaspace       used 35009K, capacity 35528K, committed 35840K, reserved 1087488K
  class space    used 4441K, capacity 4583K, committed 4608K, reserved 1048576K
}
Event: 4.975 GC heap before
{Heap before GC invocations=13 (full 5):
 PSYoungGen      total 70656K, used 974K [0x00000000d5e00000, 0x00000000db580000, 0x0000000100000000)
  eden space 55808K, 0% used [0x00000000d5e00000,0x00000000d5e00000,0x00000000d9480000)
  from space 14848K, 6% used [0x00000000da700000,0x00000000da7f3bb0,0x00000000db580000)
  to   space 16896K, 0% used [0x00000000d9480000,0x00000000d9480000,0x00000000da500000)
 ParOldGen       total 111616K, used 16191K [0x0000000081a00000, 0x0000000088700000, 0x00000000d5e00000)
  object space 111616K, 14% used [0x0000000081a00000,0x00000000829cfe60,0x0000000088700000)
 Metaspace       used 35009K, capacity 35528K, committed 35840K, reserved 1087488K
  class space    used 4441K, capacity 4583K, committed 4608K, reserved 1048576K
Event: 5.030 GC heap after
Heap after GC invocations=13 (full 5):
 PSYoungGen      total 70656K, used 0K [0x00000000d5e00000, 0x00000000db580000, 0x0000000100000000)
  eden space 55808K, 0% used [0x00000000d5e00000,0x00000000d5e00000,0x00000000d9480000)
  from space 14848K, 0% used [0x00000000da700000,0x00000000da700000,0x00000000db580000)
  to   space 16896K, 0% used [0x00000000d9480000,0x00000000d9480000,0x00000000da500000)
 ParOldGen       total 111616K, used 16248K [0x0000000081a00000, 0x0000000088700000, 0x00000000d5e00000)
  object space 111616K, 14% used [0x0000000081a00000,0x00000000829de208,0x0000000088700000)
 Metaspace       used 35009K, capacity 35528K, committed 35840K, reserved 1085440K
  class space    used 4441K, capacity 4583K, committed 4608K, reserved 1048576K
}

