# JRE version: OpenJDK Runtime Environment (8.0_242-b01) (build 1.8.0_242-release-1644-b01)
# Java VM: OpenJDK 64-Bit Server VM (25.242-b01 mixed mode windows-amd64 compressed oops)
Heap:
 PSYoungGen      total 111104K, used 84373K [0x00000000d5e00000, 0x00000000de900000, 0x0000000100000000)
  eden space 91136K, 70% used [0x00000000d5e00000,0x00000000d9cebf18,0x00000000db700000)
  from space 19968K, 99% used [0x00000000dce00000,0x00000000de179890,0x00000000de180000)
  to   space 23552K, 0% used [0x00000000db700000,0x00000000db700000,0x00000000dce00000)
 ParOldGen       total 113664K, used 23078K [0x0000000081a00000, 0x0000000088900000, 0x00000000d5e00000)
  object space 113664K, 20% used [0x0000000081a00000,0x0000000083089918,0x0000000088900000)
 Metaspace       used 49512K, capacity 50380K, committed 50688K, reserved 1093632K
  class space    used 5878K, capacity 6097K, committed 6144K, reserved 1048576K
GC Heap History (10 events):
Event: 3.893 GC heap before
{Heap before GC invocations=6 (full 1):
 PSYoungGen      total 52736K, used 52730K [0x00000000d5e00000, 0x00000000da900000, 0x0000000100000000)
  eden space 47616K, 100% used [0x00000000d5e00000,0x00000000d8c80000,0x00000000d8c80000)
  from space 5120K, 99% used [0x00000000da400000,0x00000000da8fe880,0x00000000da900000)
  to   space 5120K, 0% used [0x00000000d9f00000,0x00000000d9f00000,0x00000000da400000)
 ParOldGen       total 68096K, used 11226K [0x0000000081a00000, 0x0000000085c80000, 0x00000000d5e00000)
  object space 68096K, 16% used [0x0000000081a00000,0x00000000824f6be8,0x0000000085c80000)
 Metaspace       used 32123K, capacity 32676K, committed 32896K, reserved 1077248K
  class space    used 4024K, capacity 4189K, committed 4224K, reserved 1048576K
Event: 3.913 GC heap after
Heap after GC invocations=6 (full 1):
 PSYoungGen      total 71680K, used 5091K [0x00000000d5e00000, 0x00000000dc180000, 0x0000000100000000)
  eden space 66560K, 0% used [0x00000000d5e00000,0x00000000d5e00000,0x00000000d9f00000)
  from space 5120K, 99% used [0x00000000d9f00000,0x00000000da3f8c70,0x00000000da400000)
  to   space 16896K, 0% used [0x00000000db100000,0x00000000db100000,0x00000000dc180000)
 ParOldGen       total 68096K, used 23820K [0x0000000081a00000, 0x0000000085c80000, 0x00000000d5e00000)
  object space 68096K, 34% used [0x0000000081a00000,0x00000000831430e0,0x0000000085c80000)
 Metaspace       used 32123K, capacity 32676K, committed 32896K, reserved 1077248K
  class space    used 4024K, capacity 4189K, committed 4224K, reserved 1048576K
}
Event: 4.230 GC heap before
{Heap before GC invocations=7 (full 1):
 PSYoungGen      total 71680K, used 18343K [0x00000000d5e00000, 0x00000000dc180000, 0x0000000100000000)
  eden space 66560K, 19% used [0x00000000d5e00000,0x00000000d6af1388,0x00000000d9f00000)
  from space 5120K, 99% used [0x00000000d9f00000,0x00000000da3f8c70,0x00000000da400000)
  to   space 16896K, 0% used [0x00000000db100000,0x00000000db100000,0x00000000dc180000)
 ParOldGen       total 68096K, used 23820K [0x0000000081a00000, 0x0000000085c80000, 0x00000000d5e00000)
  object space 68096K, 34% used [0x0000000081a00000,0x00000000831430e0,0x0000000085c80000)
 Metaspace       used 34557K, capacity 35028K, committed 35416K, reserved 1081344K
  class space    used 4343K, capacity 4481K, committed 4608K, reserved 1048576K
Event: 4.243 GC heap after
Heap after GC invocations=7 (full 1):
 PSYoungGen      total 85504K, used 9099K [0x00000000d5e00000, 0x00000000dde80000, 0x0000000100000000)
  eden space 68608K, 0% used [0x00000000d5e00000,0x00000000d5e00000,0x00000000da100000)
  from space 16896K, 53% used [0x00000000db100000,0x00000000db9e2f40,0x00000000dc180000)
  to   space 16384K, 0% used [0x00000000da100000,0x00000000da100000,0x00000000db100000)
 ParOldGen       total 68096K, used 23820K [0x0000000081a00000, 0x0000000085c80000, 0x00000000d5e00000)
  object space 68096K, 34% used [0x0000000081a00000,0x00000000831430e0,0x0000000085c80000)
 Metaspace       used 34557K, capacity 35028K, committed 35416K, reserved 1081344K
  class space    used 4343K, capacity 4481K, committed 4608K, reserved 1048576K
}
Event: 4.243 GC heap before
{Heap before GC invocations=8 (full 2):
 PSYoungGen      total 85504K, used 9099K [0x00000000d5e00000, 0x00000000dde80000, 0x0000000100000000)
  eden space 68608K, 0% used [0x00000000d5e00000,0x00000000d5e00000,0x00000000da100000)
  from space 16896K, 53% used [0x00000000db100000,0x00000000db9e2f40,0x00000000dc180000)
  to   space 16384K, 0% used [0x00000000da100000,0x00000000da100000,0x00000000db100000)
 ParOldGen       total 68096K, used 23820K [0x0000000081a00000, 0x0000000085c80000, 0x00000000d5e00000)
  object space 68096K, 34% used [0x0000000081a00000,0x00000000831430e0,0x0000000085c80000)
 Metaspace       used 34557K, capacity 35028K, committed 35416K, reserved 1081344K
  class space    used 4343K, capacity 4481K, committed 4608K, reserved 1048576K
Event: 4.350 GC heap after
Heap after GC invocations=8 (full 2):
 PSYoungGen      total 85504K, used 0K [0x00000000d5e00000, 0x00000000dde80000, 0x0000000100000000)
  eden space 68608K, 0% used [0x00000000d5e00000,0x00000000d5e00000,0x00000000da100000)
  from space 16896K, 0% used [0x00000000db100000,0x00000000db100000,0x00000000dc180000)
  to   space 16384K, 0% used [0x00000000da100000,0x00000000da100000,0x00000000db100000)
 ParOldGen       total 113664K, used 17815K [0x0000000081a00000, 0x0000000088900000, 0x00000000d5e00000)
  object space 113664K, 15% used [0x0000000081a00000,0x0000000082b65e30,0x0000000088900000)
 Metaspace       used 34557K, capacity 35028K, committed 35416K, reserved 1081344K
  class space    used 4343K, capacity 4481K, committed 4608K, reserved 1048576K
}
Event: 6.217 GC heap before
{Heap before GC invocations=9 (full 2):
 PSYoungGen      total 85504K, used 68608K [0x00000000d5e00000, 0x00000000dde80000, 0x0000000100000000)
  eden space 68608K, 100% used [0x00000000d5e00000,0x00000000da100000,0x00000000da100000)
  from space 16896K, 0% used [0x00000000db100000,0x00000000db100000,0x00000000dc180000)
  to   space 16384K, 0% used [0x00000000da100000,0x00000000da100000,0x00000000db100000)
 ParOldGen       total 113664K, used 17815K [0x0000000081a00000, 0x0000000088900000, 0x00000000d5e00000)
  object space 113664K, 15% used [0x0000000081a00000,0x0000000082b65e30,0x0000000088900000)
 Metaspace       used 40426K, capacity 41082K, committed 41600K, reserved 1085440K
  class space    used 5033K, capacity 5194K, committed 5248K, reserved 1048576K
Event: 6.252 GC heap after
Heap after GC invocations=9 (full 2):
 PSYoungGen      total 84992K, used 16367K [0x00000000d5e00000, 0x00000000de180000, 0x0000000100000000)
  eden space 68608K, 0% used [0x00000000d5e00000,0x00000000d5e00000,0x00000000da100000)
  from space 16384K, 99% used [0x00000000da100000,0x00000000db0fbe80,0x00000000db100000)
  to   space 19968K, 0% used [0x00000000dce00000,0x00000000dce00000,0x00000000de180000)
 ParOldGen       total 113664K, used 20995K [0x0000000081a00000, 0x0000000088900000, 0x00000000d5e00000)
  object space 113664K, 18% used [0x0000000081a00000,0x0000000082e80d58,0x0000000088900000)
 Metaspace       used 40426K, capacity 41082K, committed 41600K, reserved 1085440K
  class space    used 5033K, capacity 5194K, committed 5248K, reserved 1048576K
}
Event: 8.018 GC heap before
{Heap before GC invocations=10 (full 2):
 PSYoungGen      total 84992K, used 84975K [0x00000000d5e00000, 0x00000000de180000, 0x0000000100000000)
  eden space 68608K, 100% used [0x00000000d5e00000,0x00000000da100000,0x00000000da100000)
  from space 16384K, 99% used [0x00000000da100000,0x00000000db0fbe80,0x00000000db100000)
  to   space 19968K, 0% used [0x00000000dce00000,0x00000000dce00000,0x00000000de180000)
 ParOldGen       total 113664K, used 20995K [0x0000000081a00000, 0x0000000088900000, 0x00000000d5e00000)
  object space 113664K, 18% used [0x0000000081a00000,0x0000000082e80d58,0x0000000088900000)
 Metaspace       used 43629K, capacity 44416K, committed 44928K, reserved 1089536K
  class space    used 5263K, capacity 5469K, committed 5504K, reserved 1048576K
Event: 8.063 GC heap after
Heap after GC invocations=10 (full 2):
 PSYoungGen      total 111104K, used 19942K [0x00000000d5e00000, 0x00000000de900000, 0x0000000100000000)
  eden space 91136K, 0% used [0x00000000d5e00000,0x00000000d5e00000,0x00000000db700000)
  from space 19968K, 99% used [0x00000000dce00000,0x00000000de179890,0x00000000de180000)
  to   space 23552K, 0% used [0x00000000db700000,0x00000000db700000,0x00000000dce00000)
 ParOldGen       total 113664K, used 23078K [0x0000000081a00000, 0x0000000088900000, 0x00000000d5e00000)
  object space 113664K, 20% used [0x0000000081a00000,0x0000000083089918,0x0000000088900000)
 Metaspace       used 43629K, capacity 44416K, committed 44928K, reserved 1089536K
  class space    used 5263K, capacity 5469K, committed 5504K, reserved 1048576K
}

